%!Adobe-FontList 1.16
%Locale:0x409

%BeginFont
Handler:DirectoryHandler
FontType:Invalid
OutlineFileName:C:\Users\lars_j\Documents\Creative Cloud\Creative Cloud Files\Modularized Comp (Lars)\Production\AIR\Font\36c182c6-ef98-4021-9b0d-d63122c2bbf5.svg
FileModTime:1453134940
%EndFont

%BeginFont
Handler:DirectoryHandler
FontType:TrueType
FontName:HelveticaNeueW01-65Medium
FamilyName:Helvetica Neue W01 65 Medium
StyleName:Regular
FullName:Helvetica Neue W01 65 Medium
MenuName:Helvetica Neue W01 65 Medium
StyleBits:0
WritingScript:Roman
OutlineFileName:C:\Users\lars_j\Documents\Creative Cloud\Creative Cloud Files\Modularized Comp (Lars)\Production\AIR\Font\4c6503c9-859b-4d3b-a1d5-2d42e1222415.ttf
DataFormat:sfntData
FileLength:91244
FileModTime:1396640985
WeightClass:400
WidthClass:5
AngleClass:0
NameArray:0,Mac,18,HelveticaNeueLT Com 65 Md
NameArray:0,Mac,4,Helvetica Neue W01 65 Medium
NameArray:0,Win,1,Helvetica Neue W01 65 Medium
NameArray:0,Win,16,
%EndFont

%BeginFont
Handler:DirectoryHandler
FontType:Invalid
OutlineFileName:C:\Users\lars_j\Documents\Creative Cloud\Creative Cloud Files\Modularized Comp (Lars)\Production\AIR\Font\530dee22-e3c1-4e9f-bf62-c31d510d9656.woff
FileModTime:1396640985
%EndFont

%BeginFont
Handler:DirectoryHandler
FontType:TrueType
FontName:HelveticaNeueW01-45Light
FamilyName:Helvetica Neue W01 45 Light
StyleName:Regular
FullName:Helvetica Neue W01 45 Light
MenuName:Helvetica Neue W01 45 Light
StyleBits:0
WritingScript:Roman
OutlineFileName:C:\Users\lars_j\Documents\Creative Cloud\Creative Cloud Files\Modularized Comp (Lars)\Production\AIR\Font\688ab72b-4deb-4e15-a088-89166978d469.ttf
DataFormat:sfntData
FileLength:127080
FileModTime:1396640985
WeightClass:400
WidthClass:5
AngleClass:0
NameArray:0,Mac,18,HelveticaNeueLT Com 45 Lt
NameArray:0,Mac,4,Helvetica Neue W01 45 Light
NameArray:0,Win,1,Helvetica Neue W01 45 Light
NameArray:0,Win,16,
%EndFont

%BeginFont
Handler:DirectoryHandler
FontType:Invalid
OutlineFileName:C:\Users\lars_j\Documents\Creative Cloud\Creative Cloud Files\Modularized Comp (Lars)\Production\AIR\Font\7816f72f-f47e-4715-8cd7-960e3723846a.svg
FileModTime:1453134894
%EndFont

